[0830/025740.787:ERROR:crash_report_database_win.cc(428)] unexpected header
<?xml version="1.0" encoding="utf-8"?>
<LinearLayout xmlns:android="http://schemas.android.com/apk/res/android"
    xmlns:app="http://schemas.android.com/apk/res-auto"
    xmlns:tools="http://schemas.android.com/tools"
    android:layout_width="match_parent"
    android:layout_height="match_parent"
    android:gravity="center_vertical"
    android:orientation="vertical"
    android:background="@drawable/background_image_small"
    tools:context=".ChooseActivity">


    <androidx.cardview.widget.CardView
        android:id="@+id/driver"
        android:layout_width="300dp"
        android:layout_height="50dp"
        android:clickable="true"
        android:layout_gravity="center"
        android:layout_marginTop="73dp"
        app:cardBackgroundColor="@color/yellow2"
        app:cardCornerRadius="25dp"
        app:cardElevation="10dp"
        android:focusable="true">

        <RelativeLayout
            android:layout_width="match_parent"
            android:layout_height="match_parent">

            <TextView
                android:layout_width="wrap_content"
                android:layout_height="wrap_content"
                android:layout_centerInParent="true"
                android:text="I'm a Driver"
                android:textColor="@android:color/black"
                android:textSize="22sp" />
        </RelativeLayout>
    </androidx.cardview.widget.CardView>

    <androidx.cardview.widget.CardView
        android:id="@+id/passenger"
        android:layout_width="300dp"
        android:layout_height="50dp"
        android:layout_gravity="center"
        android:layout_marginTop="20dp"
        app:cardBackgroundColor="@color/yellow2"
        app:cardCornerRadius="25dp"
        app:cardElevation="10dp">

        <RelativeLayout
            android:layout_width="match_parent"
            android:layout_height="match_parent">

            <TextView
                android:layout_width="wrap_content"
                android:layout_height="wrap_content"
                android:layout_centerInParent="true"
                android:text="I'm a Passenger"
                android:textColor="@android:color/black"
                android:textSize="22sp" />
        </RelativeLayout>
    </androidx.cardview.widget.CardView>




</LinearLayout>











